<?xml version="1.0" encoding="UTF-8"?>
<testng-results ignored="0" total="51" passed="51" failed="0" skipped="0">
  <reporter-output>
  </reporter-output>
  <suite started-at="2025-01-02T19:34:36 IST" name="Default suite" finished-at="2025-01-02T19:34:37 IST" duration-ms="1442">
    <groups>
      <group name="cucumber">
        <method signature="AbstractTestNGCucumberTests.runScenario(io.cucumber.testng.PickleWrapper,io.cucumber.testng.FeatureWrapper)[pri:0, instance:com.testingshashtra.runner.FeatureRunner@194fad1]" name="runScenario" class="io.cucumber.testng.AbstractTestNGCucumberTests"/>
      </group> <!-- cucumber -->
    </groups>
    <test started-at="2025-01-02T19:34:36 IST" name="Default test" finished-at="2025-01-02T19:34:37 IST" duration-ms="1442">
      <class name="com.testingshashtra.runner.FeatureRunner">
        <test-method is-config="true" signature="setUpClass(org.testng.ITestContext)[pri:0, instance:com.testingshashtra.runner.FeatureRunner@194fad1]" started-at="2025-01-02T19:34:36 IST" name="setUpClass" finished-at="2025-01-02T19:34:36 IST" duration-ms="550" status="PASS">
          <params>
            <param index="0">
              <value>
                <![CDATA[org.testng.TestRunner@41e1455d]]>
              </value>
            </param>
          </params>
          <reporter-output>
          </reporter-output>
        </test-method> <!-- setUpClass -->
        <test-method signature="runScenario(io.cucumber.testng.PickleWrapper,io.cucumber.testng.FeatureWrapper)[pri:0, instance:com.testingshashtra.runner.FeatureRunner@194fad1]" started-at="2025-01-02T19:34:36 IST" name="runScenario" description="Runs Cucumber Scenarios" data-provider="scenarios" finished-at="2025-01-02T19:34:37 IST" duration-ms="244" status="PASS">
          <params>
            <param index="0">
              <value>
                <![CDATA["To verify that is user can login with valid credential or not."]]>
              </value>
            </param>
            <param index="1">
              <value>
                <![CDATA["This feature file tests all scenario of loginPage of amazon."]]>
              </value>
            </param>
          </params>
          <reporter-output>
          </reporter-output>
        </test-method> <!-- runScenario -->
        <test-method signature="runScenario(io.cucumber.testng.PickleWrapper,io.cucumber.testng.FeatureWrapper)[pri:0, instance:com.testingshashtra.runner.FeatureRunner@194fad1]" started-at="2025-01-02T19:34:37 IST" name="runScenario" description="Runs Cucumber Scenarios" data-provider="scenarios" finished-at="2025-01-02T19:34:37 IST" duration-ms="21" status="PASS">
          <params>
            <param index="0">
              <value>
                <![CDATA["To verify user login with invalid phone number."]]>
              </value>
            </param>
            <param index="1">
              <value>
                <![CDATA["This feature file tests all scenario of loginPage of amazon."]]>
              </value>
            </param>
          </params>
          <reporter-output>
          </reporter-output>
        </test-method> <!-- runScenario -->
        <test-method signature="runScenario(io.cucumber.testng.PickleWrapper,io.cucumber.testng.FeatureWrapper)[pri:0, instance:com.testingshashtra.runner.FeatureRunner@194fad1]" started-at="2025-01-02T19:34:37 IST" name="runScenario" description="Runs Cucumber Scenarios" data-provider="scenarios" finished-at="2025-01-02T19:34:37 IST" duration-ms="21" status="PASS">
          <params>
            <param index="0">
              <value>
                <![CDATA["To verify user login with valid phone number and invalid password."]]>
              </value>
            </param>
            <param index="1">
              <value>
                <![CDATA["This feature file tests all scenario of loginPage of amazon."]]>
              </value>
            </param>
          </params>
          <reporter-output>
          </reporter-output>
        </test-method> <!-- runScenario -->
        <test-method signature="runScenario(io.cucumber.testng.PickleWrapper,io.cucumber.testng.FeatureWrapper)[pri:0, instance:com.testingshashtra.runner.FeatureRunner@194fad1]" started-at="2025-01-02T19:34:37 IST" name="runScenario" description="Runs Cucumber Scenarios" data-provider="scenarios" finished-at="2025-01-02T19:34:37 IST" duration-ms="19" status="PASS">
          <params>
            <param index="0">
              <value>
                <![CDATA["To verify user login with blank password."]]>
              </value>
            </param>
            <param index="1">
              <value>
                <![CDATA["This feature file tests all scenario of loginPage of amazon."]]>
              </value>
            </param>
          </params>
          <reporter-output>
          </reporter-output>
        </test-method> <!-- runScenario -->
        <test-method signature="runScenario(io.cucumber.testng.PickleWrapper,io.cucumber.testng.FeatureWrapper)[pri:0, instance:com.testingshashtra.runner.FeatureRunner@194fad1]" started-at="2025-01-02T19:34:37 IST" name="runScenario" description="Runs Cucumber Scenarios" data-provider="scenarios" finished-at="2025-01-02T19:34:37 IST" duration-ms="17" status="PASS">
          <params>
            <param index="0">
              <value>
                <![CDATA["To verify user login with valid phone number and valid password in uppercase."]]>
              </value>
            </param>
            <param index="1">
              <value>
                <![CDATA["This feature file tests all scenario of loginPage of amazon."]]>
              </value>
            </param>
          </params>
          <reporter-output>
          </reporter-output>
        </test-method> <!-- runScenario -->
        <test-method signature="runScenario(io.cucumber.testng.PickleWrapper,io.cucumber.testng.FeatureWrapper)[pri:0, instance:com.testingshashtra.runner.FeatureRunner@194fad1]" started-at="2025-01-02T19:34:37 IST" name="runScenario" description="Runs Cucumber Scenarios" data-provider="scenarios" finished-at="2025-01-02T19:34:37 IST" duration-ms="13" status="PASS">
          <params>
            <param index="0">
              <value>
                <![CDATA["To verify user login with valid phone number and valid password in lowercase."]]>
              </value>
            </param>
            <param index="1">
              <value>
                <![CDATA["This feature file tests all scenario of loginPage of amazon."]]>
              </value>
            </param>
          </params>
          <reporter-output>
          </reporter-output>
        </test-method> <!-- runScenario -->
        <test-method signature="runScenario(io.cucumber.testng.PickleWrapper,io.cucumber.testng.FeatureWrapper)[pri:0, instance:com.testingshashtra.runner.FeatureRunner@194fad1]" started-at="2025-01-02T19:34:37 IST" name="runScenario" description="Runs Cucumber Scenarios" data-provider="scenarios" finished-at="2025-01-02T19:34:37 IST" duration-ms="14" status="PASS">
          <params>
            <param index="0">
              <value>
                <![CDATA["To verify when user click on forget password link it redirected to password assistance page."]]>
              </value>
            </param>
            <param index="1">
              <value>
                <![CDATA["This feature file tests all scenario of loginPage of amazon."]]>
              </value>
            </param>
          </params>
          <reporter-output>
          </reporter-output>
        </test-method> <!-- runScenario -->
        <test-method signature="runScenario(io.cucumber.testng.PickleWrapper,io.cucumber.testng.FeatureWrapper)[pri:0, instance:com.testingshashtra.runner.FeatureRunner@194fad1]" started-at="2025-01-02T19:34:37 IST" name="runScenario" description="Runs Cucumber Scenarios" data-provider="scenarios" finished-at="2025-01-02T19:34:37 IST" duration-ms="15" status="PASS">
          <params>
            <param index="0">
              <value>
                <![CDATA["To verify when user redirect to login page default cursor focus should on username textbox"]]>
              </value>
            </param>
            <param index="1">
              <value>
                <![CDATA["This feature file tests all scenario of loginPage of amazon."]]>
              </value>
            </param>
          </params>
          <reporter-output>
          </reporter-output>
        </test-method> <!-- runScenario -->
        <test-method signature="runScenario(io.cucumber.testng.PickleWrapper,io.cucumber.testng.FeatureWrapper)[pri:0, instance:com.testingshashtra.runner.FeatureRunner@194fad1]" started-at="2025-01-02T19:34:37 IST" name="runScenario" description="Runs Cucumber Scenarios" data-provider="scenarios" finished-at="2025-01-02T19:34:37 IST" duration-ms="14" status="PASS">
          <params>
            <param index="0">
              <value>
                <![CDATA["To verify when user enter password it is masked by dot."]]>
              </value>
            </param>
            <param index="1">
              <value>
                <![CDATA["This feature file tests all scenario of loginPage of amazon."]]>
              </value>
            </param>
          </params>
          <reporter-output>
          </reporter-output>
        </test-method> <!-- runScenario -->
        <test-method signature="runScenario(io.cucumber.testng.PickleWrapper,io.cucumber.testng.FeatureWrapper)[pri:0, instance:com.testingshashtra.runner.FeatureRunner@194fad1]" started-at="2025-01-02T19:34:37 IST" name="runScenario" description="Runs Cucumber Scenarios" data-provider="scenarios" finished-at="2025-01-02T19:34:37 IST" duration-ms="12" status="PASS">
          <params>
            <param index="0">
              <value>
                <![CDATA["To verify when user enter phone number less that ten digit gives invalid phone number error."]]>
              </value>
            </param>
            <param index="1">
              <value>
                <![CDATA["This feature file tests all scenario of loginPage of amazon."]]>
              </value>
            </param>
          </params>
          <reporter-output>
          </reporter-output>
        </test-method> <!-- runScenario -->
        <test-method signature="runScenario(io.cucumber.testng.PickleWrapper,io.cucumber.testng.FeatureWrapper)[pri:0, instance:com.testingshashtra.runner.FeatureRunner@194fad1]" started-at="2025-01-02T19:34:37 IST" name="runScenario" description="Runs Cucumber Scenarios" data-provider="scenarios" finished-at="2025-01-02T19:34:37 IST" duration-ms="20" status="PASS">
          <params>
            <param index="0">
              <value>
                <![CDATA["To verify when user enter non numeric phone number should get error message."]]>
              </value>
            </param>
            <param index="1">
              <value>
                <![CDATA["This feature file tests all scenario of loginPage of amazon."]]>
              </value>
            </param>
          </params>
          <reporter-output>
          </reporter-output>
        </test-method> <!-- runScenario -->
        <test-method signature="runScenario(io.cucumber.testng.PickleWrapper,io.cucumber.testng.FeatureWrapper)[pri:0, instance:com.testingshashtra.runner.FeatureRunner@194fad1]" started-at="2025-01-02T19:34:37 IST" name="runScenario" description="Runs Cucumber Scenarios" data-provider="scenarios" finished-at="2025-01-02T19:34:37 IST" duration-ms="10" status="PASS">
          <params>
            <param index="0">
              <value>
                <![CDATA["To verify amazon logo is present on login page."]]>
              </value>
            </param>
            <param index="1">
              <value>
                <![CDATA["This feature file tests all scenario of loginPage of amazon."]]>
              </value>
            </param>
          </params>
          <reporter-output>
          </reporter-output>
        </test-method> <!-- runScenario -->
        <test-method signature="runScenario(io.cucumber.testng.PickleWrapper,io.cucumber.testng.FeatureWrapper)[pri:0, instance:com.testingshashtra.runner.FeatureRunner@194fad1]" started-at="2025-01-02T19:34:37 IST" name="runScenario" description="Runs Cucumber Scenarios" data-provider="scenarios" finished-at="2025-01-02T19:34:37 IST" duration-ms="10" status="PASS">
          <params>
            <param index="0">
              <value>
                <![CDATA["To verify is Paste functionality working in password text box."]]>
              </value>
            </param>
            <param index="1">
              <value>
                <![CDATA["This feature file tests all scenario of loginPage of amazon."]]>
              </value>
            </param>
          </params>
          <reporter-output>
          </reporter-output>
        </test-method> <!-- runScenario -->
        <test-method signature="runScenario(io.cucumber.testng.PickleWrapper,io.cucumber.testng.FeatureWrapper)[pri:0, instance:com.testingshashtra.runner.FeatureRunner@194fad1]" started-at="2025-01-02T19:34:37 IST" name="runScenario" description="Runs Cucumber Scenarios" data-provider="scenarios" finished-at="2025-01-02T19:34:37 IST" duration-ms="12" status="PASS">
          <params>
            <param index="0">
              <value>
                <![CDATA["To verify when user enter valid credential and hit enter user should get successfully loged in."]]>
              </value>
            </param>
            <param index="1">
              <value>
                <![CDATA["This feature file tests all scenario of loginPage of amazon."]]>
              </value>
            </param>
          </params>
          <reporter-output>
          </reporter-output>
        </test-method> <!-- runScenario -->
        <test-method signature="runScenario(io.cucumber.testng.PickleWrapper,io.cucumber.testng.FeatureWrapper)[pri:0, instance:com.testingshashtra.runner.FeatureRunner@194fad1]" started-at="2025-01-02T19:34:37 IST" name="runScenario" description="Runs Cucumber Scenarios" data-provider="scenarios" finished-at="2025-01-02T19:34:37 IST" duration-ms="8" status="PASS">
          <params>
            <param index="0">
              <value>
                <![CDATA["To verify when user enter invalid email format user should get error message."]]>
              </value>
            </param>
            <param index="1">
              <value>
                <![CDATA["This feature file tests all scenario of loginPage of amazon."]]>
              </value>
            </param>
          </params>
          <reporter-output>
          </reporter-output>
        </test-method> <!-- runScenario -->
        <test-method signature="runScenario(io.cucumber.testng.PickleWrapper,io.cucumber.testng.FeatureWrapper)[pri:0, instance:com.testingshashtra.runner.FeatureRunner@194fad1]" started-at="2025-01-02T19:34:37 IST" name="runScenario" description="Runs Cucumber Scenarios" data-provider="scenarios" finished-at="2025-01-02T19:34:37 IST" duration-ms="12" status="PASS">
          <params>
            <param index="0">
              <value>
                <![CDATA["To verify login page title."]]>
              </value>
            </param>
            <param index="1">
              <value>
                <![CDATA["This feature file tests all scenario of loginPage of amazon."]]>
              </value>
            </param>
          </params>
          <reporter-output>
          </reporter-output>
        </test-method> <!-- runScenario -->
        <test-method signature="runScenario(io.cucumber.testng.PickleWrapper,io.cucumber.testng.FeatureWrapper)[pri:0, instance:com.testingshashtra.runner.FeatureRunner@194fad1]" started-at="2025-01-02T19:34:37 IST" name="runScenario" description="Runs Cucumber Scenarios" data-provider="scenarios" finished-at="2025-01-02T19:34:37 IST" duration-ms="11" status="PASS">
          <params>
            <param index="0">
              <value>
                <![CDATA["To verify when user click on create account button user should redirect to create account page."]]>
              </value>
            </param>
            <param index="1">
              <value>
                <![CDATA["This feature file tests all scenario of loginPage of amazon."]]>
              </value>
            </param>
          </params>
          <reporter-output>
          </reporter-output>
        </test-method> <!-- runScenario -->
        <test-method signature="runScenario(io.cucumber.testng.PickleWrapper,io.cucumber.testng.FeatureWrapper)[pri:0, instance:com.testingshashtra.runner.FeatureRunner@194fad1]" started-at="2025-01-02T19:34:37 IST" name="runScenario" description="Runs Cucumber Scenarios" data-provider="scenarios" finished-at="2025-01-02T19:34:37 IST" duration-ms="15" status="PASS">
          <params>
            <param index="0">
              <value>
                <![CDATA["To verify when user click on amazon logo it should navigate to amazon home page."]]>
              </value>
            </param>
            <param index="1">
              <value>
                <![CDATA["This feature file tests all scenario of loginPage of amazon."]]>
              </value>
            </param>
          </params>
          <reporter-output>
          </reporter-output>
        </test-method> <!-- runScenario -->
        <test-method signature="runScenario(io.cucumber.testng.PickleWrapper,io.cucumber.testng.FeatureWrapper)[pri:0, instance:com.testingshashtra.runner.FeatureRunner@194fad1]" started-at="2025-01-02T19:34:37 IST" name="runScenario" description="Runs Cucumber Scenarios" data-provider="scenarios" finished-at="2025-01-02T19:34:37 IST" duration-ms="10" status="PASS">
          <params>
            <param index="0">
              <value>
                <![CDATA["To verify when user enter valid phone number and leave password blank it should get error."]]>
              </value>
            </param>
            <param index="1">
              <value>
                <![CDATA["This feature file tests all scenario of loginPage of amazon."]]>
              </value>
            </param>
          </params>
          <reporter-output>
          </reporter-output>
        </test-method> <!-- runScenario -->
        <test-method signature="runScenario(io.cucumber.testng.PickleWrapper,io.cucumber.testng.FeatureWrapper)[pri:0, instance:com.testingshashtra.runner.FeatureRunner@194fad1]" started-at="2025-01-02T19:34:37 IST" name="runScenario" description="Runs Cucumber Scenarios" data-provider="scenarios" finished-at="2025-01-02T19:34:37 IST" duration-ms="9" status="PASS">
          <params>
            <param index="0">
              <value>
                <![CDATA["To verify when user enter blank email id"]]>
              </value>
            </param>
            <param index="1">
              <value>
                <![CDATA["This feature file tests all scenario of loginPage of amazon."]]>
              </value>
            </param>
          </params>
          <reporter-output>
          </reporter-output>
        </test-method> <!-- runScenario -->
        <test-method signature="runScenario(io.cucumber.testng.PickleWrapper,io.cucumber.testng.FeatureWrapper)[pri:0, instance:com.testingshashtra.runner.FeatureRunner@194fad1]" started-at="2025-01-02T19:34:37 IST" name="runScenario" description="Runs Cucumber Scenarios" data-provider="scenarios" finished-at="2025-01-02T19:34:37 IST" duration-ms="16" status="PASS">
          <params>
            <param index="0">
              <value>
                <![CDATA["To verify when user enter number and special charecter in search box its should display no result message."]]>
              </value>
            </param>
            <param index="1">
              <value>
                <![CDATA["This feature file contains all product page test cases."]]>
              </value>
            </param>
          </params>
          <reporter-output>
          </reporter-output>
        </test-method> <!-- runScenario -->
        <test-method signature="runScenario(io.cucumber.testng.PickleWrapper,io.cucumber.testng.FeatureWrapper)[pri:0, instance:com.testingshashtra.runner.FeatureRunner@194fad1]" started-at="2025-01-02T19:34:37 IST" name="runScenario" description="Runs Cucumber Scenarios" data-provider="scenarios" finished-at="2025-01-02T19:34:37 IST" duration-ms="8" status="PASS">
          <params>
            <param index="0">
              <value>
                <![CDATA["To verify when user clear search box and hit enter user should redirected to home page."]]>
              </value>
            </param>
            <param index="1">
              <value>
                <![CDATA["This feature file contains all product page test cases."]]>
              </value>
            </param>
          </params>
          <reporter-output>
          </reporter-output>
        </test-method> <!-- runScenario -->
        <test-method signature="runScenario(io.cucumber.testng.PickleWrapper,io.cucumber.testng.FeatureWrapper)[pri:0, instance:com.testingshashtra.runner.FeatureRunner@194fad1]" started-at="2025-01-02T19:34:37 IST" name="runScenario" description="Runs Cucumber Scenarios" data-provider="scenarios" finished-at="2025-01-02T19:34:37 IST" duration-ms="6" status="PASS">
          <params>
            <param index="0">
              <value>
                <![CDATA["To verify add to cart button should display and enabled on product page."]]>
              </value>
            </param>
            <param index="1">
              <value>
                <![CDATA["This feature file contains all product page test cases."]]>
              </value>
            </param>
          </params>
          <reporter-output>
          </reporter-output>
        </test-method> <!-- runScenario -->
        <test-method signature="runScenario(io.cucumber.testng.PickleWrapper,io.cucumber.testng.FeatureWrapper)[pri:0, instance:com.testingshashtra.runner.FeatureRunner@194fad1]" started-at="2025-01-02T19:34:37 IST" name="runScenario" description="Runs Cucumber Scenarios" data-provider="scenarios" finished-at="2025-01-02T19:34:37 IST" duration-ms="6" status="PASS">
          <params>
            <param index="0">
              <value>
                <![CDATA["To verify when user click on product user should navigate that product page."]]>
              </value>
            </param>
            <param index="1">
              <value>
                <![CDATA["This feature file contains all product page test cases."]]>
              </value>
            </param>
          </params>
          <reporter-output>
          </reporter-output>
        </test-method> <!-- runScenario -->
        <test-method signature="runScenario(io.cucumber.testng.PickleWrapper,io.cucumber.testng.FeatureWrapper)[pri:0, instance:com.testingshashtra.runner.FeatureRunner@194fad1]" started-at="2025-01-02T19:34:37 IST" name="runScenario" description="Runs Cucumber Scenarios" data-provider="scenarios" finished-at="2025-01-02T19:34:37 IST" duration-ms="7" status="PASS">
          <params>
            <param index="0">
              <value>
                <![CDATA["To verify when user click add to cart product it should be enable"]]>
              </value>
            </param>
            <param index="1">
              <value>
                <![CDATA["This feature file contains all product page test cases."]]>
              </value>
            </param>
          </params>
          <reporter-output>
          </reporter-output>
        </test-method> <!-- runScenario -->
        <test-method signature="runScenario(io.cucumber.testng.PickleWrapper,io.cucumber.testng.FeatureWrapper)[pri:0, instance:com.testingshashtra.runner.FeatureRunner@194fad1]" started-at="2025-01-02T19:34:37 IST" name="runScenario" description="Runs Cucumber Scenarios" data-provider="scenarios" finished-at="2025-01-02T19:34:37 IST" duration-ms="9" status="PASS">
          <params>
            <param index="0">
              <value>
                <![CDATA["To verify is customer review field should be present on product page."]]>
              </value>
            </param>
            <param index="1">
              <value>
                <![CDATA["This feature file contains all product page test cases."]]>
              </value>
            </param>
          </params>
          <reporter-output>
          </reporter-output>
        </test-method> <!-- runScenario -->
        <test-method signature="runScenario(io.cucumber.testng.PickleWrapper,io.cucumber.testng.FeatureWrapper)[pri:0, instance:com.testingshashtra.runner.FeatureRunner@194fad1]" started-at="2025-01-02T19:34:37 IST" name="runScenario" description="Runs Cucumber Scenarios" data-provider="scenarios" finished-at="2025-01-02T19:34:37 IST" duration-ms="8" status="PASS">
          <params>
            <param index="0">
              <value>
                <![CDATA["To verify when in search box search any product then that related product will be showd in the page"]]>
              </value>
            </param>
            <param index="1">
              <value>
                <![CDATA["This feature file contains all product page test cases."]]>
              </value>
            </param>
          </params>
          <reporter-output>
          </reporter-output>
        </test-method> <!-- runScenario -->
        <test-method signature="runScenario(io.cucumber.testng.PickleWrapper,io.cucumber.testng.FeatureWrapper)[pri:0, instance:com.testingshashtra.runner.FeatureRunner@194fad1]" started-at="2025-01-02T19:34:37 IST" name="runScenario" description="Runs Cucumber Scenarios" data-provider="scenarios" finished-at="2025-01-02T19:34:37 IST" duration-ms="7" status="PASS">
          <params>
            <param index="0">
              <value>
                <![CDATA["To verify when user click on product details should be same as shown in product description."]]>
              </value>
            </param>
            <param index="1">
              <value>
                <![CDATA["This feature file contains all product page test cases."]]>
              </value>
            </param>
          </params>
          <reporter-output>
          </reporter-output>
        </test-method> <!-- runScenario -->
        <test-method signature="runScenario(io.cucumber.testng.PickleWrapper,io.cucumber.testng.FeatureWrapper)[pri:0, instance:com.testingshashtra.runner.FeatureRunner@194fad1]" started-at="2025-01-02T19:34:37 IST" name="runScenario" description="Runs Cucumber Scenarios" data-provider="scenarios" finished-at="2025-01-02T19:34:37 IST" duration-ms="6" status="PASS">
          <params>
            <param index="0">
              <value>
                <![CDATA["To verify the product page should have a out of five rating field of product"]]>
              </value>
            </param>
            <param index="1">
              <value>
                <![CDATA["This feature file contains all product page test cases."]]>
              </value>
            </param>
          </params>
          <reporter-output>
          </reporter-output>
        </test-method> <!-- runScenario -->
        <test-method signature="runScenario(io.cucumber.testng.PickleWrapper,io.cucumber.testng.FeatureWrapper)[pri:0, instance:com.testingshashtra.runner.FeatureRunner@194fad1]" started-at="2025-01-02T19:34:37 IST" name="runScenario" description="Runs Cucumber Scenarios" data-provider="scenarios" finished-at="2025-01-02T19:34:37 IST" duration-ms="6" status="PASS">
          <params>
            <param index="0">
              <value>
                <![CDATA["To verify when user click on back to result link user should navigate to search result page."]]>
              </value>
            </param>
            <param index="1">
              <value>
                <![CDATA["This feature file contains all product page test cases."]]>
              </value>
            </param>
          </params>
          <reporter-output>
          </reporter-output>
        </test-method> <!-- runScenario -->
        <test-method signature="runScenario(io.cucumber.testng.PickleWrapper,io.cucumber.testng.FeatureWrapper)[pri:0, instance:com.testingshashtra.runner.FeatureRunner@194fad1]" started-at="2025-01-02T19:34:37 IST" name="runScenario" description="Runs Cucumber Scenarios" data-provider="scenarios" finished-at="2025-01-02T19:34:37 IST" duration-ms="11" status="PASS">
          <params>
            <param index="0">
              <value>
                <![CDATA["To verify when user click on product image of product should be displayed."]]>
              </value>
            </param>
            <param index="1">
              <value>
                <![CDATA["This feature file contains all product page test cases."]]>
              </value>
            </param>
          </params>
          <reporter-output>
          </reporter-output>
        </test-method> <!-- runScenario -->
        <test-method signature="runScenario(io.cucumber.testng.PickleWrapper,io.cucumber.testng.FeatureWrapper)[pri:0, instance:com.testingshashtra.runner.FeatureRunner@194fad1]" started-at="2025-01-02T19:34:37 IST" name="runScenario" description="Runs Cucumber Scenarios" data-provider="scenarios" finished-at="2025-01-02T19:34:37 IST" duration-ms="13" status="PASS">
          <params>
            <param index="0">
              <value>
                <![CDATA["To verify when user added the product in shopping cart succesufully or not"]]>
              </value>
            </param>
            <param index="1">
              <value>
                <![CDATA["This feature file contains all scenarios of shopping cart on amazon."]]>
              </value>
            </param>
          </params>
          <reporter-output>
          </reporter-output>
        </test-method> <!-- runScenario -->
        <test-method signature="runScenario(io.cucumber.testng.PickleWrapper,io.cucumber.testng.FeatureWrapper)[pri:0, instance:com.testingshashtra.runner.FeatureRunner@194fad1]" started-at="2025-01-02T19:34:37 IST" name="runScenario" description="Runs Cucumber Scenarios" data-provider="scenarios" finished-at="2025-01-02T19:34:37 IST" duration-ms="7" status="PASS">
          <params>
            <param index="0">
              <value>
                <![CDATA["To Verify user added product in cart and click on plus sign quntity of that product is increases"]]>
              </value>
            </param>
            <param index="1">
              <value>
                <![CDATA["This feature file contains all scenarios of shopping cart on amazon."]]>
              </value>
            </param>
          </params>
          <reporter-output>
          </reporter-output>
        </test-method> <!-- runScenario -->
        <test-method signature="runScenario(io.cucumber.testng.PickleWrapper,io.cucumber.testng.FeatureWrapper)[pri:0, instance:com.testingshashtra.runner.FeatureRunner@194fad1]" started-at="2025-01-02T19:34:37 IST" name="runScenario" description="Runs Cucumber Scenarios" data-provider="scenarios" finished-at="2025-01-02T19:34:37 IST" duration-ms="10" status="PASS">
          <params>
            <param index="0">
              <value>
                <![CDATA["To Verify user added product in cart and click on subtract sign quntity of that product is decrease"]]>
              </value>
            </param>
            <param index="1">
              <value>
                <![CDATA["This feature file contains all scenarios of shopping cart on amazon."]]>
              </value>
            </param>
          </params>
          <reporter-output>
          </reporter-output>
        </test-method> <!-- runScenario -->
        <test-method signature="runScenario(io.cucumber.testng.PickleWrapper,io.cucumber.testng.FeatureWrapper)[pri:0, instance:com.testingshashtra.runner.FeatureRunner@194fad1]" started-at="2025-01-02T19:34:37 IST" name="runScenario" description="Runs Cucumber Scenarios" data-provider="scenarios" finished-at="2025-01-02T19:34:37 IST" duration-ms="6" status="PASS">
          <params>
            <param index="0">
              <value>
                <![CDATA["To Verify user added Two product in the cart then subTotal of product is increases"]]>
              </value>
            </param>
            <param index="1">
              <value>
                <![CDATA["This feature file contains all scenarios of shopping cart on amazon."]]>
              </value>
            </param>
          </params>
          <reporter-output>
          </reporter-output>
        </test-method> <!-- runScenario -->
        <test-method signature="runScenario(io.cucumber.testng.PickleWrapper,io.cucumber.testng.FeatureWrapper)[pri:0, instance:com.testingshashtra.runner.FeatureRunner@194fad1]" started-at="2025-01-02T19:34:37 IST" name="runScenario" description="Runs Cucumber Scenarios" data-provider="scenarios" finished-at="2025-01-02T19:34:37 IST" duration-ms="9" status="PASS">
          <params>
            <param index="0">
              <value>
                <![CDATA["To verify user added same product In Two Times Quntity of product is increase"]]>
              </value>
            </param>
            <param index="1">
              <value>
                <![CDATA["This feature file contains all scenarios of shopping cart on amazon."]]>
              </value>
            </param>
          </params>
          <reporter-output>
          </reporter-output>
        </test-method> <!-- runScenario -->
        <test-method signature="runScenario(io.cucumber.testng.PickleWrapper,io.cucumber.testng.FeatureWrapper)[pri:0, instance:com.testingshashtra.runner.FeatureRunner@194fad1]" started-at="2025-01-02T19:34:37 IST" name="runScenario" description="Runs Cucumber Scenarios" data-provider="scenarios" finished-at="2025-01-02T19:34:37 IST" duration-ms="6" status="PASS">
          <params>
            <param index="0">
              <value>
                <![CDATA["To verify After adding product into cart product details in the cart is same as product display page"]]>
              </value>
            </param>
            <param index="1">
              <value>
                <![CDATA["This feature file contains all scenarios of shopping cart on amazon."]]>
              </value>
            </param>
          </params>
          <reporter-output>
          </reporter-output>
        </test-method> <!-- runScenario -->
        <test-method signature="runScenario(io.cucumber.testng.PickleWrapper,io.cucumber.testng.FeatureWrapper)[pri:0, instance:com.testingshashtra.runner.FeatureRunner@194fad1]" started-at="2025-01-02T19:34:37 IST" name="runScenario" description="Runs Cucumber Scenarios" data-provider="scenarios" finished-at="2025-01-02T19:34:37 IST" duration-ms="8" status="PASS">
          <params>
            <param index="0">
              <value>
                <![CDATA["To verify product Display Is Same After Refresh Browser page"]]>
              </value>
            </param>
            <param index="1">
              <value>
                <![CDATA["This feature file contains all scenarios of shopping cart on amazon."]]>
              </value>
            </param>
          </params>
          <reporter-output>
          </reporter-output>
        </test-method> <!-- runScenario -->
        <test-method signature="runScenario(io.cucumber.testng.PickleWrapper,io.cucumber.testng.FeatureWrapper)[pri:0, instance:com.testingshashtra.runner.FeatureRunner@194fad1]" started-at="2025-01-02T19:34:37 IST" name="runScenario" description="Runs Cucumber Scenarios" data-provider="scenarios" finished-at="2025-01-02T19:34:37 IST" duration-ms="5" status="PASS">
          <params>
            <param index="0">
              <value>
                <![CDATA["To verify User Click On DeselectAll button No Item Selected Message Is Displayed"]]>
              </value>
            </param>
            <param index="1">
              <value>
                <![CDATA["This feature file contains all scenarios of shopping cart on amazon."]]>
              </value>
            </param>
          </params>
          <reporter-output>
          </reporter-output>
        </test-method> <!-- runScenario -->
        <test-method signature="runScenario(io.cucumber.testng.PickleWrapper,io.cucumber.testng.FeatureWrapper)[pri:0, instance:com.testingshashtra.runner.FeatureRunner@194fad1]" started-at="2025-01-02T19:34:37 IST" name="runScenario" description="Runs Cucumber Scenarios" data-provider="scenarios" finished-at="2025-01-02T19:34:37 IST" duration-ms="6" status="PASS">
          <params>
            <param index="0">
              <value>
                <![CDATA["To verify User Click On SelectAll button selected Item count is Displayed"]]>
              </value>
            </param>
            <param index="1">
              <value>
                <![CDATA["This feature file contains all scenarios of shopping cart on amazon."]]>
              </value>
            </param>
          </params>
          <reporter-output>
          </reporter-output>
        </test-method> <!-- runScenario -->
        <test-method signature="runScenario(io.cucumber.testng.PickleWrapper,io.cucumber.testng.FeatureWrapper)[pri:0, instance:com.testingshashtra.runner.FeatureRunner@194fad1]" started-at="2025-01-02T19:34:37 IST" name="runScenario" description="Runs Cucumber Scenarios" data-provider="scenarios" finished-at="2025-01-02T19:34:37 IST" duration-ms="7" status="PASS">
          <params>
            <param index="0">
              <value>
                <![CDATA["To verify user Redirect To Product Details Page After click on product From Shopping Cart"]]>
              </value>
            </param>
            <param index="1">
              <value>
                <![CDATA["This feature file contains all scenarios of shopping cart on amazon."]]>
              </value>
            </param>
          </params>
          <reporter-output>
          </reporter-output>
        </test-method> <!-- runScenario -->
        <test-method signature="runScenario(io.cucumber.testng.PickleWrapper,io.cucumber.testng.FeatureWrapper)[pri:0, instance:com.testingshashtra.runner.FeatureRunner@194fad1]" started-at="2025-01-02T19:34:37 IST" name="runScenario" description="Runs Cucumber Scenarios" data-provider="scenarios" finished-at="2025-01-02T19:34:37 IST" duration-ms="10" status="PASS">
          <params>
            <param index="0">
              <value>
                <![CDATA["verify Save To Later Option Is Dispaly and Enable"]]>
              </value>
            </param>
            <param index="1">
              <value>
                <![CDATA["This feature file contains all scenarios of shopping cart on amazon."]]>
              </value>
            </param>
          </params>
          <reporter-output>
          </reporter-output>
        </test-method> <!-- runScenario -->
        <test-method signature="runScenario(io.cucumber.testng.PickleWrapper,io.cucumber.testng.FeatureWrapper)[pri:0, instance:com.testingshashtra.runner.FeatureRunner@194fad1]" started-at="2025-01-02T19:34:37 IST" name="runScenario" description="Runs Cucumber Scenarios" data-provider="scenarios" finished-at="2025-01-02T19:34:37 IST" duration-ms="10" status="PASS">
          <params>
            <param index="0">
              <value>
                <![CDATA["To verify user Click On See More Like These then Similar Products Page Is Open"]]>
              </value>
            </param>
            <param index="1">
              <value>
                <![CDATA["This feature file contains all scenarios of shopping cart on amazon."]]>
              </value>
            </param>
          </params>
          <reporter-output>
          </reporter-output>
        </test-method> <!-- runScenario -->
        <test-method signature="runScenario(io.cucumber.testng.PickleWrapper,io.cucumber.testng.FeatureWrapper)[pri:0, instance:com.testingshashtra.runner.FeatureRunner@194fad1]" started-at="2025-01-02T19:34:37 IST" name="runScenario" description="Runs Cucumber Scenarios" data-provider="scenarios" finished-at="2025-01-02T19:34:37 IST" duration-ms="9" status="PASS">
          <params>
            <param index="0">
              <value>
                <![CDATA["To verify user Click On shsre then share to friend Page Is Open"]]>
              </value>
            </param>
            <param index="1">
              <value>
                <![CDATA["This feature file contains all scenarios of shopping cart on amazon."]]>
              </value>
            </param>
          </params>
          <reporter-output>
          </reporter-output>
        </test-method> <!-- runScenario -->
        <test-method signature="runScenario(io.cucumber.testng.PickleWrapper,io.cucumber.testng.FeatureWrapper)[pri:0, instance:com.testingshashtra.runner.FeatureRunner@194fad1]" started-at="2025-01-02T19:34:37 IST" name="runScenario" description="Runs Cucumber Scenarios" data-provider="scenarios" finished-at="2025-01-02T19:34:37 IST" duration-ms="7" status="PASS">
          <params>
            <param index="0">
              <value>
                <![CDATA["To verify Click On Save To Later product Is Move To Save To later"]]>
              </value>
            </param>
            <param index="1">
              <value>
                <![CDATA["This feature file contains all scenarios of shopping cart on amazon."]]>
              </value>
            </param>
          </params>
          <reporter-output>
          </reporter-output>
        </test-method> <!-- runScenario -->
        <test-method signature="runScenario(io.cucumber.testng.PickleWrapper,io.cucumber.testng.FeatureWrapper)[pri:0, instance:com.testingshashtra.runner.FeatureRunner@194fad1]" started-at="2025-01-02T19:34:37 IST" name="runScenario" description="Runs Cucumber Scenarios" data-provider="scenarios" finished-at="2025-01-02T19:34:37 IST" duration-ms="9" status="PASS">
          <params>
            <param index="0">
              <value>
                <![CDATA["To verify Click On Add to Shopping List then Product Is Added To Shopping List message is display"]]>
              </value>
            </param>
            <param index="1">
              <value>
                <![CDATA["This feature file contains all scenarios of shopping cart on amazon."]]>
              </value>
            </param>
          </params>
          <reporter-output>
          </reporter-output>
        </test-method> <!-- runScenario -->
        <test-method signature="runScenario(io.cucumber.testng.PickleWrapper,io.cucumber.testng.FeatureWrapper)[pri:0, instance:com.testingshashtra.runner.FeatureRunner@194fad1]" started-at="2025-01-02T19:34:37 IST" name="runScenario" description="Runs Cucumber Scenarios" data-provider="scenarios" finished-at="2025-01-02T19:34:37 IST" duration-ms="8" status="PASS">
          <params>
            <param index="0">
              <value>
                <![CDATA["To verify User Click On Added To Shopping  then Shopping List page is open"]]>
              </value>
            </param>
            <param index="1">
              <value>
                <![CDATA["This feature file contains all scenarios of shopping cart on amazon."]]>
              </value>
            </param>
          </params>
          <reporter-output>
          </reporter-output>
        </test-method> <!-- runScenario -->
        <test-method signature="runScenario(io.cucumber.testng.PickleWrapper,io.cucumber.testng.FeatureWrapper)[pri:0, instance:com.testingshashtra.runner.FeatureRunner@194fad1]" started-at="2025-01-02T19:34:37 IST" name="runScenario" description="Runs Cucumber Scenarios" data-provider="scenarios" finished-at="2025-01-02T19:34:37 IST" duration-ms="6" status="PASS">
          <params>
            <param index="0">
              <value>
                <![CDATA["To verify User Click On Proceed To By then Checkout Page Is Display"]]>
              </value>
            </param>
            <param index="1">
              <value>
                <![CDATA["This feature file contains all scenarios of shopping cart on amazon."]]>
              </value>
            </param>
          </params>
          <reporter-output>
          </reporter-output>
        </test-method> <!-- runScenario -->
        <test-method signature="runScenario(io.cucumber.testng.PickleWrapper,io.cucumber.testng.FeatureWrapper)[pri:0, instance:com.testingshashtra.runner.FeatureRunner@194fad1]" started-at="2025-01-02T19:34:37 IST" name="runScenario" description="Runs Cucumber Scenarios" data-provider="scenarios" finished-at="2025-01-02T19:34:37 IST" duration-ms="9" status="PASS">
          <params>
            <param index="0">
              <value>
                <![CDATA["To verify User Delete One Product From Cart Delete Message Should Be Display"]]>
              </value>
            </param>
            <param index="1">
              <value>
                <![CDATA["This feature file contains all scenarios of shopping cart on amazon."]]>
              </value>
            </param>
          </params>
          <reporter-output>
          </reporter-output>
        </test-method> <!-- runScenario -->
        <test-method signature="runScenario(io.cucumber.testng.PickleWrapper,io.cucumber.testng.FeatureWrapper)[pri:0, instance:com.testingshashtra.runner.FeatureRunner@194fad1]" started-at="2025-01-02T19:34:37 IST" name="runScenario" description="Runs Cucumber Scenarios" data-provider="scenarios" finished-at="2025-01-02T19:34:37 IST" duration-ms="8" status="PASS">
          <params>
            <param index="0">
              <value>
                <![CDATA["To verify User Click On Delete Product Message These Product Title Page Is Open"]]>
              </value>
            </param>
            <param index="1">
              <value>
                <![CDATA["This feature file contains all scenarios of shopping cart on amazon."]]>
              </value>
            </param>
          </params>
          <reporter-output>
          </reporter-output>
        </test-method> <!-- runScenario -->
        <test-method signature="runScenario(io.cucumber.testng.PickleWrapper,io.cucumber.testng.FeatureWrapper)[pri:0, instance:com.testingshashtra.runner.FeatureRunner@194fad1]" started-at="2025-01-02T19:34:37 IST" name="runScenario" description="Runs Cucumber Scenarios" data-provider="scenarios" finished-at="2025-01-02T19:34:37 IST" duration-ms="9" status="PASS">
          <params>
            <param index="0">
              <value>
                <![CDATA["To verify all Product Is Remove In cart then Cart Is Empty"]]>
              </value>
            </param>
            <param index="1">
              <value>
                <![CDATA["This feature file contains all scenarios of shopping cart on amazon."]]>
              </value>
            </param>
          </params>
          <reporter-output>
          </reporter-output>
        </test-method> <!-- runScenario -->
        <test-method is-config="true" signature="tearDownClass()[pri:0, instance:com.testingshashtra.runner.FeatureRunner@194fad1]" started-at="2025-01-02T19:34:37 IST" name="tearDownClass" finished-at="2025-01-02T19:34:37 IST" duration-ms="5" status="PASS">
          <reporter-output>
          </reporter-output>
        </test-method> <!-- tearDownClass -->
      </class> <!-- com.testingshashtra.runner.FeatureRunner -->
    </test> <!-- Default test -->
  </suite> <!-- Default suite -->
</testng-results>
